  Snakes fight.cpp
D:\xuexi\CXSJ\Snakes fight\Snakes fight\Snakes fight\Snakes fight.cpp(164,59): error C2665: “outtextxy”: 2 个重载中没有一个可以转换所有参数类型
D:\xuexi\vs2019\VC\Auxiliary\VS\include\easyx.h(224,6): message : 可能是“void outtextxy(int,int,TCHAR)”
D:\xuexi\vs2019\VC\Auxiliary\VS\include\easyx.h(223,6): message : 或    “void outtextxy(int,int,LPCTSTR)”
D:\xuexi\CXSJ\Snakes fight\Snakes fight\Snakes fight\Snakes fight.cpp(164,59): message : 尝试匹配参数列表“(double, double, const char [13])”时
D:\xuexi\CXSJ\Snakes fight\Snakes fight\Snakes fight\Snakes fight.cpp(168,53): error C2665: “outtextxy”: 2 个重载中没有一个可以转换所有参数类型
D:\xuexi\vs2019\VC\Auxiliary\VS\include\easyx.h(224,6): message : 可能是“void outtextxy(int,int,TCHAR)”
D:\xuexi\vs2019\VC\Auxiliary\VS\include\easyx.h(223,6): message : 或    “void outtextxy(int,int,LPCTSTR)”
D:\xuexi\CXSJ\Snakes fight\Snakes fight\Snakes fight\Snakes fight.cpp(168,53): message : 尝试匹配参数列表“(double, double, const char [9])”时
D:\xuexi\CXSJ\Snakes fight\Snakes fight\Snakes fight\Snakes fight.cpp(169,53): error C2665: “outtextxy”: 2 个重载中没有一个可以转换所有参数类型
D:\xuexi\vs2019\VC\Auxiliary\VS\include\easyx.h(224,6): message : 可能是“void outtextxy(int,int,TCHAR)”
D:\xuexi\vs2019\VC\Auxiliary\VS\include\easyx.h(223,6): message : 或    “void outtextxy(int,int,LPCTSTR)”
D:\xuexi\CXSJ\Snakes fight\Snakes fight\Snakes fight\Snakes fight.cpp(169,53): message : 尝试匹配参数列表“(double, double, const char [9])”时
D:\xuexi\CXSJ\Snakes fight\Snakes fight\Snakes fight\Snakes fight.cpp(170,53): error C2665: “outtextxy”: 2 个重载中没有一个可以转换所有参数类型
D:\xuexi\vs2019\VC\Auxiliary\VS\include\easyx.h(224,6): message : 可能是“void outtextxy(int,int,TCHAR)”
D:\xuexi\vs2019\VC\Auxiliary\VS\include\easyx.h(223,6): message : 或    “void outtextxy(int,int,LPCTSTR)”
D:\xuexi\CXSJ\Snakes fight\Snakes fight\Snakes fight\Snakes fight.cpp(170,53): message : 尝试匹配参数列表“(double, double, const char [9])”时
D:\xuexi\CXSJ\Snakes fight\Snakes fight\Snakes fight\Snakes fight.cpp(171,48): error C2665: “outtextxy”: 2 个重载中没有一个可以转换所有参数类型
D:\xuexi\vs2019\VC\Auxiliary\VS\include\easyx.h(224,6): message : 可能是“void outtextxy(int,int,TCHAR)”
D:\xuexi\vs2019\VC\Auxiliary\VS\include\easyx.h(223,6): message : 或    “void outtextxy(int,int,LPCTSTR)”
D:\xuexi\CXSJ\Snakes fight\Snakes fight\Snakes fight\Snakes fight.cpp(171,48): message : 尝试匹配参数列表“(double, double, const char [5])”时
D:\xuexi\CXSJ\Snakes fight\Snakes fight\Snakes fight\Snakes fight.cpp(175,66): error C2665: “outtextxy”: 2 个重载中没有一个可以转换所有参数类型
D:\xuexi\vs2019\VC\Auxiliary\VS\include\easyx.h(224,6): message : 可能是“void outtextxy(int,int,TCHAR)”
D:\xuexi\vs2019\VC\Auxiliary\VS\include\easyx.h(223,6): message : 或    “void outtextxy(int,int,LPCTSTR)”
D:\xuexi\CXSJ\Snakes fight\Snakes fight\Snakes fight\Snakes fight.cpp(175,66): message : 尝试匹配参数列表“(double, double, const char [17])”时
D:\xuexi\CXSJ\Snakes fight\Snakes fight\Snakes fight\Snakes fight.cpp(178,63): warning C4244: “参数”: 从“double”转换到“int”，可能丢失数据
D:\xuexi\CXSJ\Snakes fight\Snakes fight\Snakes fight\Snakes fight.cpp(178,48): warning C4244: “参数”: 从“double”转换到“int”，可能丢失数据
D:\xuexi\CXSJ\Snakes fight\Snakes fight\Snakes fight\Snakes fight.cpp(178,33): warning C4244: “参数”: 从“double”转换到“int”，可能丢失数据
D:\xuexi\CXSJ\Snakes fight\Snakes fight\Snakes fight\Snakes fight.cpp(178,18): warning C4244: “参数”: 从“double”转换到“int”，可能丢失数据
D:\xuexi\CXSJ\Snakes fight\Snakes fight\Snakes fight\Snakes fight.cpp(180,63): warning C4244: “参数”: 从“double”转换到“int”，可能丢失数据
D:\xuexi\CXSJ\Snakes fight\Snakes fight\Snakes fight\Snakes fight.cpp(180,48): warning C4244: “参数”: 从“double”转换到“int”，可能丢失数据
D:\xuexi\CXSJ\Snakes fight\Snakes fight\Snakes fight\Snakes fight.cpp(180,33): warning C4244: “参数”: 从“double”转换到“int”，可能丢失数据
D:\xuexi\CXSJ\Snakes fight\Snakes fight\Snakes fight\Snakes fight.cpp(180,18): warning C4244: “参数”: 从“double”转换到“int”，可能丢失数据
D:\xuexi\CXSJ\Snakes fight\Snakes fight\Snakes fight\Snakes fight.cpp(182,63): warning C4244: “参数”: 从“double”转换到“int”，可能丢失数据
D:\xuexi\CXSJ\Snakes fight\Snakes fight\Snakes fight\Snakes fight.cpp(182,48): warning C4244: “参数”: 从“double”转换到“int”，可能丢失数据
D:\xuexi\CXSJ\Snakes fight\Snakes fight\Snakes fight\Snakes fight.cpp(182,33): warning C4244: “参数”: 从“double”转换到“int”，可能丢失数据
D:\xuexi\CXSJ\Snakes fight\Snakes fight\Snakes fight\Snakes fight.cpp(182,18): warning C4244: “参数”: 从“double”转换到“int”，可能丢失数据
D:\xuexi\CXSJ\Snakes fight\Snakes fight\Snakes fight\Snakes fight.cpp(184,63): warning C4244: “参数”: 从“double”转换到“int”，可能丢失数据
D:\xuexi\CXSJ\Snakes fight\Snakes fight\Snakes fight\Snakes fight.cpp(184,48): warning C4244: “参数”: 从“double”转换到“int”，可能丢失数据
D:\xuexi\CXSJ\Snakes fight\Snakes fight\Snakes fight\Snakes fight.cpp(184,33): warning C4244: “参数”: 从“double”转换到“int”，可能丢失数据
D:\xuexi\CXSJ\Snakes fight\Snakes fight\Snakes fight\Snakes fight.cpp(184,18): warning C4244: “参数”: 从“double”转换到“int”，可能丢失数据
D:\xuexi\CXSJ\Snakes fight\Snakes fight\Snakes fight\Snakes fight.cpp(222,63): error C2665: “outtextxy”: 2 个重载中没有一个可以转换所有参数类型
D:\xuexi\vs2019\VC\Auxiliary\VS\include\easyx.h(224,6): message : 可能是“void outtextxy(int,int,TCHAR)”
D:\xuexi\vs2019\VC\Auxiliary\VS\include\easyx.h(223,6): message : 或    “void outtextxy(int,int,LPCTSTR)”
D:\xuexi\CXSJ\Snakes fight\Snakes fight\Snakes fight\Snakes fight.cpp(222,63): message : 尝试匹配参数列表“(double, double, const char [16])”时
D:\xuexi\CXSJ\Snakes fight\Snakes fight\Snakes fight\Snakes fight.cpp(223,71): error C2665: “outtextxy”: 2 个重载中没有一个可以转换所有参数类型
D:\xuexi\vs2019\VC\Auxiliary\VS\include\easyx.h(224,6): message : 可能是“void outtextxy(int,int,TCHAR)”
D:\xuexi\vs2019\VC\Auxiliary\VS\include\easyx.h(223,6): message : 或    “void outtextxy(int,int,LPCTSTR)”
D:\xuexi\CXSJ\Snakes fight\Snakes fight\Snakes fight\Snakes fight.cpp(223,71): message : 尝试匹配参数列表“(double, double, const char [22])”时
D:\xuexi\CXSJ\Snakes fight\Snakes fight\Snakes fight\Snakes fight.cpp(224,121): error C2665: “outtextxy”: 2 个重载中没有一个可以转换所有参数类型
D:\xuexi\vs2019\VC\Auxiliary\VS\include\easyx.h(224,6): message : 可能是“void outtextxy(int,int,TCHAR)”
D:\xuexi\vs2019\VC\Auxiliary\VS\include\easyx.h(223,6): message : 或    “void outtextxy(int,int,LPCTSTR)”
D:\xuexi\CXSJ\Snakes fight\Snakes fight\Snakes fight\Snakes fight.cpp(224,121): message : 尝试匹配参数列表“(double, double, const char [55])”时
D:\xuexi\CXSJ\Snakes fight\Snakes fight\Snakes fight\Snakes fight.cpp(225,71): error C2665: “outtextxy”: 2 个重载中没有一个可以转换所有参数类型
D:\xuexi\vs2019\VC\Auxiliary\VS\include\easyx.h(224,6): message : 可能是“void outtextxy(int,int,TCHAR)”
D:\xuexi\vs2019\VC\Auxiliary\VS\include\easyx.h(223,6): message : 或    “void outtextxy(int,int,LPCTSTR)”
D:\xuexi\CXSJ\Snakes fight\Snakes fight\Snakes fight\Snakes fight.cpp(225,71): message : 尝试匹配参数列表“(double, double, const char [22])”时
D:\xuexi\CXSJ\Snakes fight\Snakes fight\Snakes fight\Snakes fight.cpp(226,121): error C2665: “outtextxy”: 2 个重载中没有一个可以转换所有参数类型
D:\xuexi\vs2019\VC\Auxiliary\VS\include\easyx.h(224,6): message : 可能是“void outtextxy(int,int,TCHAR)”
D:\xuexi\vs2019\VC\Auxiliary\VS\include\easyx.h(223,6): message : 或    “void outtextxy(int,int,LPCTSTR)”
D:\xuexi\CXSJ\Snakes fight\Snakes fight\Snakes fight\Snakes fight.cpp(226,121): message : 尝试匹配参数列表“(double, double, const char [55])”时
D:\xuexi\CXSJ\Snakes fight\Snakes fight\Snakes fight\Snakes fight.cpp(227,85): error C2665: “outtextxy”: 2 个重载中没有一个可以转换所有参数类型
D:\xuexi\vs2019\VC\Auxiliary\VS\include\easyx.h(224,6): message : 可能是“void outtextxy(int,int,TCHAR)”
D:\xuexi\vs2019\VC\Auxiliary\VS\include\easyx.h(223,6): message : 或    “void outtextxy(int,int,LPCTSTR)”
D:\xuexi\CXSJ\Snakes fight\Snakes fight\Snakes fight\Snakes fight.cpp(227,85): message : 尝试匹配参数列表“(double, double, const char [31])”时
D:\xuexi\CXSJ\Snakes fight\Snakes fight\Snakes fight\Snakes fight.cpp(231,49): error C2665: “outtextxy”: 2 个重载中没有一个可以转换所有参数类型
D:\xuexi\vs2019\VC\Auxiliary\VS\include\easyx.h(224,6): message : 可能是“void outtextxy(int,int,TCHAR)”
D:\xuexi\vs2019\VC\Auxiliary\VS\include\easyx.h(223,6): message : 或    “void outtextxy(int,int,LPCTSTR)”
D:\xuexi\CXSJ\Snakes fight\Snakes fight\Snakes fight\Snakes fight.cpp(231,49): message : 尝试匹配参数列表“(double, double, const char [5])”时
D:\xuexi\CXSJ\Snakes fight\Snakes fight\Snakes fight\Snakes fight.cpp(234,62): warning C4244: “参数”: 从“double”转换到“int”，可能丢失数据
D:\xuexi\CXSJ\Snakes fight\Snakes fight\Snakes fight\Snakes fight.cpp(234,47): warning C4244: “参数”: 从“double”转换到“int”，可能丢失数据
D:\xuexi\CXSJ\Snakes fight\Snakes fight\Snakes fight\Snakes fight.cpp(234,33): warning C4244: “参数”: 从“double”转换到“int”，可能丢失数据
D:\xuexi\CXSJ\Snakes fight\Snakes fight\Snakes fight\Snakes fight.cpp(234,18): warning C4244: “参数”: 从“double”转换到“int”，可能丢失数据
D:\xuexi\CXSJ\Snakes fight\Snakes fight\Snakes fight\Snakes fight.cpp(296,34): error C2664: “int sprintf_s(char *const ,const size_t,const char *const ,...)”: 无法将参数 1 从“TCHAR [10]”转换为“char *const ”
D:\xuexi\CXSJ\Snakes fight\Snakes fight\Snakes fight\Snakes fight.cpp(296,12): message : 与指向的类型无关；强制转换要求 reinterpret_cast、C 样式强制转换或函数样式强制转换
D:\Windows Kits\10\Include\10.0.18362.0\ucrt\stdio.h(1833,41): message : 参见“sprintf_s”的声明
D:\xuexi\CXSJ\Snakes fight\Snakes fight\Snakes fight\Snakes fight.cpp(298,34): error C2665: “outtextxy”: 2 个重载中没有一个可以转换所有参数类型
D:\xuexi\vs2019\VC\Auxiliary\VS\include\easyx.h(224,6): message : 可能是“void outtextxy(int,int,TCHAR)”
D:\xuexi\vs2019\VC\Auxiliary\VS\include\easyx.h(223,6): message : 或    “void outtextxy(int,int,LPCTSTR)”
D:\xuexi\CXSJ\Snakes fight\Snakes fight\Snakes fight\Snakes fight.cpp(298,34): message : 尝试匹配参数列表“(int, int, const char [2])”时
D:\xuexi\CXSJ\Snakes fight\Snakes fight\Snakes fight\Snakes fight.cpp(299,55): error C2664: “int sprintf_s(char *const ,const size_t,const char *const ,...)”: 无法将参数 1 从“TCHAR [10]”转换为“char *const ”
D:\xuexi\CXSJ\Snakes fight\Snakes fight\Snakes fight\Snakes fight.cpp(299,12): message : 与指向的类型无关；强制转换要求 reinterpret_cast、C 样式强制转换或函数样式强制转换
D:\Windows Kits\10\Include\10.0.18362.0\ucrt\stdio.h(1833,41): message : 参见“sprintf_s”的声明
D:\xuexi\CXSJ\Snakes fight\Snakes fight\Snakes fight\Snakes fight.cpp(301,85): error C2664: “int sprintf_s(char *const ,const size_t,const char *const ,...)”: 无法将参数 1 从“TCHAR [10]”转换为“char *const ”
D:\xuexi\CXSJ\Snakes fight\Snakes fight\Snakes fight\Snakes fight.cpp(301,12): message : 与指向的类型无关；强制转换要求 reinterpret_cast、C 样式强制转换或函数样式强制转换
D:\Windows Kits\10\Include\10.0.18362.0\ucrt\stdio.h(1833,41): message : 参见“sprintf_s”的声明
D:\xuexi\CXSJ\Snakes fight\Snakes fight\Snakes fight\Snakes fight.cpp(322,55): error C2665: “outtextxy”: 2 个重载中没有一个可以转换所有参数类型
D:\xuexi\vs2019\VC\Auxiliary\VS\include\easyx.h(224,6): message : 可能是“void outtextxy(int,int,TCHAR)”
D:\xuexi\vs2019\VC\Auxiliary\VS\include\easyx.h(223,6): message : 或    “void outtextxy(int,int,LPCTSTR)”
D:\xuexi\CXSJ\Snakes fight\Snakes fight\Snakes fight\Snakes fight.cpp(322,55): message : 尝试匹配参数列表“(double, double, const char [9])”时
D:\xuexi\CXSJ\Snakes fight\Snakes fight\Snakes fight\Snakes fight.cpp(323,43): error C2665: “outtextxy”: 2 个重载中没有一个可以转换所有参数类型
D:\xuexi\vs2019\VC\Auxiliary\VS\include\easyx.h(224,6): message : 可能是“void outtextxy(int,int,TCHAR)”
D:\xuexi\vs2019\VC\Auxiliary\VS\include\easyx.h(223,6): message : 或    “void outtextxy(int,int,LPCTSTR)”
D:\xuexi\CXSJ\Snakes fight\Snakes fight\Snakes fight\Snakes fight.cpp(323,43): message : 尝试匹配参数列表“(double, double, const char [3])”时
D:\xuexi\CXSJ\Snakes fight\Snakes fight\Snakes fight\Snakes fight.cpp(324,45): error C2665: “outtextxy”: 2 个重载中没有一个可以转换所有参数类型
D:\xuexi\vs2019\VC\Auxiliary\VS\include\easyx.h(224,6): message : 可能是“void outtextxy(int,int,TCHAR)”
D:\xuexi\vs2019\VC\Auxiliary\VS\include\easyx.h(223,6): message : 或    “void outtextxy(int,int,LPCTSTR)”
D:\xuexi\CXSJ\Snakes fight\Snakes fight\Snakes fight\Snakes fight.cpp(324,45): message : 尝试匹配参数列表“(double, double, const char [4])”时
D:\xuexi\CXSJ\Snakes fight\Snakes fight\Snakes fight\Snakes fight.cpp(327,62): warning C4244: “参数”: 从“double”转换到“int”，可能丢失数据
D:\xuexi\CXSJ\Snakes fight\Snakes fight\Snakes fight\Snakes fight.cpp(327,47): warning C4244: “参数”: 从“double”转换到“int”，可能丢失数据
D:\xuexi\CXSJ\Snakes fight\Snakes fight\Snakes fight\Snakes fight.cpp(327,33): warning C4244: “参数”: 从“double”转换到“int”，可能丢失数据
D:\xuexi\CXSJ\Snakes fight\Snakes fight\Snakes fight\Snakes fight.cpp(327,18): warning C4244: “参数”: 从“double”转换到“int”，可能丢失数据
D:\xuexi\CXSJ\Snakes fight\Snakes fight\Snakes fight\Snakes fight.cpp(329,62): warning C4244: “参数”: 从“double”转换到“int”，可能丢失数据
D:\xuexi\CXSJ\Snakes fight\Snakes fight\Snakes fight\Snakes fight.cpp(329,47): warning C4244: “参数”: 从“double”转换到“int”，可能丢失数据
D:\xuexi\CXSJ\Snakes fight\Snakes fight\Snakes fight\Snakes fight.cpp(329,33): warning C4244: “参数”: 从“double”转换到“int”，可能丢失数据
D:\xuexi\CXSJ\Snakes fight\Snakes fight\Snakes fight\Snakes fight.cpp(329,18): warning C4244: “参数”: 从“double”转换到“int”，可能丢失数据
D:\xuexi\CXSJ\Snakes fight\Snakes fight\Snakes fight\Snakes fight.cpp(360,7): error C4996: 'fopen': This function or variable may be unsafe. Consider using fopen_s instead. To disable deprecation, use _CRT_SECURE_NO_WARNINGS. See online help for details.
D:\xuexi\CXSJ\Snakes fight\Snakes fight\Snakes fight\Snakes fight.cpp(368,7): error C4996: 'fopen': This function or variable may be unsafe. Consider using fopen_s instead. To disable deprecation, use _CRT_SECURE_NO_WARNINGS. See online help for details.
D:\xuexi\CXSJ\Snakes fight\Snakes fight\Snakes fight\Snakes fight.cpp(376,7): error C4996: 'fopen': This function or variable may be unsafe. Consider using fopen_s instead. To disable deprecation, use _CRT_SECURE_NO_WARNINGS. See online help for details.
D:\xuexi\CXSJ\Snakes fight\Snakes fight\Snakes fight\Snakes fight.cpp(384,7): error C4996: 'fopen': This function or variable may be unsafe. Consider using fopen_s instead. To disable deprecation, use _CRT_SECURE_NO_WARNINGS. See online help for details.
D:\xuexi\CXSJ\Snakes fight\Snakes fight\Snakes fight\Snakes fight.cpp(416,66): error C2664: “MCIERROR mciSendStringW(LPCWSTR,LPWSTR,UINT,HWND)”: 无法将参数 1 从“const char [33]”转换为“LPCWSTR”
D:\xuexi\CXSJ\Snakes fight\Snakes fight\Snakes fight\Snakes fight.cpp(416,16): message : 与指向的类型无关；强制转换要求 reinterpret_cast、C 样式强制转换或函数样式强制转换
D:\Windows Kits\10\Include\10.0.18362.0\um\mciapi.h(88,1): message : 参见“mciSendStringW”的声明
D:\xuexi\CXSJ\Snakes fight\Snakes fight\Snakes fight\Snakes fight.cpp(417,52): error C2664: “MCIERROR mciSendStringW(LPCWSTR,LPWSTR,UINT,HWND)”: 无法将参数 1 从“const char [20]”转换为“LPCWSTR”
D:\xuexi\CXSJ\Snakes fight\Snakes fight\Snakes fight\Snakes fight.cpp(417,16): message : 与指向的类型无关；强制转换要求 reinterpret_cast、C 样式强制转换或函数样式强制转换
D:\Windows Kits\10\Include\10.0.18362.0\um\mciapi.h(88,1): message : 参见“mciSendStringW”的声明
D:\xuexi\CXSJ\Snakes fight\Snakes fight\Snakes fight\Snakes fight.cpp(454,22): warning C4244: “=”: 从“float”转换到“int”，可能丢失数据
D:\xuexi\CXSJ\Snakes fight\Snakes fight\Snakes fight\Snakes fight.cpp(458,30): warning C4244: “=”: 从“float”转换到“int”，可能丢失数据
D:\xuexi\CXSJ\Snakes fight\Snakes fight\Snakes fight\Snakes fight.cpp(462,20): warning C4244: “=”: 从“float”转换到“int”，可能丢失数据
D:\xuexi\CXSJ\Snakes fight\Snakes fight\Snakes fight\Snakes fight.cpp(463,20): warning C4244: “=”: 从“float”转换到“int”，可能丢失数据
D:\xuexi\CXSJ\Snakes fight\Snakes fight\Snakes fight\Snakes fight.cpp(464,20): warning C4244: “=”: 从“float”转换到“int”，可能丢失数据
D:\xuexi\CXSJ\Snakes fight\Snakes fight\Snakes fight\Snakes fight.cpp(465,20): warning C4244: “=”: 从“float”转换到“int”，可能丢失数据
D:\xuexi\CXSJ\Snakes fight\Snakes fight\Snakes fight\Snakes fight.cpp(502,29): warning C4244: “参数”: 从“float”转换到“int”，可能丢失数据
D:\xuexi\CXSJ\Snakes fight\Snakes fight\Snakes fight\Snakes fight.cpp(505,36): warning C4244: “参数”: 从“float”转换到“int”，可能丢失数据
D:\xuexi\CXSJ\Snakes fight\Snakes fight\Snakes fight\Snakes fight.cpp(508,31): warning C4244: “参数”: 从“float”转换到“int”，可能丢失数据
D:\xuexi\CXSJ\Snakes fight\Snakes fight\Snakes fight\Snakes fight.cpp(509,31): warning C4244: “参数”: 从“float”转换到“int”，可能丢失数据
D:\xuexi\CXSJ\Snakes fight\Snakes fight\Snakes fight\Snakes fight.cpp(510,31): warning C4244: “参数”: 从“float”转换到“int”，可能丢失数据
D:\xuexi\CXSJ\Snakes fight\Snakes fight\Snakes fight\Snakes fight.cpp(511,31): warning C4244: “参数”: 从“float”转换到“int”，可能丢失数据
D:\xuexi\CXSJ\Snakes fight\Snakes fight\Snakes fight\Snakes fight.cpp(535,29): warning C4244: “参数”: 从“float”转换到“int”，可能丢失数据
D:\xuexi\CXSJ\Snakes fight\Snakes fight\Snakes fight\Snakes fight.cpp(541,36): warning C4244: “参数”: 从“float”转换到“int”，可能丢失数据
D:\xuexi\CXSJ\Snakes fight\Snakes fight\Snakes fight\Snakes fight.cpp(546,31): warning C4244: “参数”: 从“float”转换到“int”，可能丢失数据
D:\xuexi\CXSJ\Snakes fight\Snakes fight\Snakes fight\Snakes fight.cpp(547,31): warning C4244: “参数”: 从“float”转换到“int”，可能丢失数据
D:\xuexi\CXSJ\Snakes fight\Snakes fight\Snakes fight\Snakes fight.cpp(552,31): warning C4244: “参数”: 从“float”转换到“int”，可能丢失数据
D:\xuexi\CXSJ\Snakes fight\Snakes fight\Snakes fight\Snakes fight.cpp(553,31): warning C4244: “参数”: 从“float”转换到“int”，可能丢失数据
D:\xuexi\CXSJ\Snakes fight\Snakes fight\Snakes fight\Snakes fight.cpp(561,38): warning C4244: “参数”: 从“float”转换到“int”，可能丢失数据
D:\xuexi\CXSJ\Snakes fight\Snakes fight\Snakes fight\Snakes fight.cpp(564,38): warning C4244: “参数”: 从“float”转换到“int”，可能丢失数据
D:\xuexi\CXSJ\Snakes fight\Snakes fight\Snakes fight\Snakes fight.cpp(567,38): warning C4244: “参数”: 从“float”转换到“int”，可能丢失数据
D:\xuexi\CXSJ\Snakes fight\Snakes fight\Snakes fight\Snakes fight.cpp(583,54): error C2665: “outtextxy”: 2 个重载中没有一个可以转换所有参数类型
D:\xuexi\vs2019\VC\Auxiliary\VS\include\easyx.h(224,6): message : 可能是“void outtextxy(int,int,TCHAR)”
D:\xuexi\vs2019\VC\Auxiliary\VS\include\easyx.h(223,6): message : 或    “void outtextxy(int,int,LPCTSTR)”
D:\xuexi\CXSJ\Snakes fight\Snakes fight\Snakes fight\Snakes fight.cpp(583,54): message : 尝试匹配参数列表“(double, double, const char [9])”时
D:\xuexi\CXSJ\Snakes fight\Snakes fight\Snakes fight\Snakes fight.cpp(587,52): error C2665: “outtextxy”: 2 个重载中没有一个可以转换所有参数类型
D:\xuexi\vs2019\VC\Auxiliary\VS\include\easyx.h(224,6): message : 可能是“void outtextxy(int,int,TCHAR)”
D:\xuexi\vs2019\VC\Auxiliary\VS\include\easyx.h(223,6): message : 或    “void outtextxy(int,int,LPCTSTR)”
D:\xuexi\CXSJ\Snakes fight\Snakes fight\Snakes fight\Snakes fight.cpp(587,52): message : 尝试匹配参数列表“(double, double, const char [7])”时
D:\xuexi\CXSJ\Snakes fight\Snakes fight\Snakes fight\Snakes fight.cpp(590,33): warning C4244: “参数”: 从“double”转换到“int”，可能丢失数据
D:\xuexi\CXSJ\Snakes fight\Snakes fight\Snakes fight\Snakes fight.cpp(590,18): warning C4244: “参数”: 从“double”转换到“int”，可能丢失数据
D:\xuexi\CXSJ\Snakes fight\Snakes fight\Snakes fight\Snakes fight.cpp(594,49): error C2665: “outtextxy”: 2 个重载中没有一个可以转换所有参数类型
D:\xuexi\vs2019\VC\Auxiliary\VS\include\easyx.h(224,6): message : 可能是“void outtextxy(int,int,TCHAR)”
D:\xuexi\vs2019\VC\Auxiliary\VS\include\easyx.h(223,6): message : 或    “void outtextxy(int,int,LPCTSTR)”
D:\xuexi\CXSJ\Snakes fight\Snakes fight\Snakes fight\Snakes fight.cpp(594,49): message : 尝试匹配参数列表“(double, double, const char [5])”时
D:\xuexi\CXSJ\Snakes fight\Snakes fight\Snakes fight\Snakes fight.cpp(597,62): warning C4244: “参数”: 从“double”转换到“int”，可能丢失数据
D:\xuexi\CXSJ\Snakes fight\Snakes fight\Snakes fight\Snakes fight.cpp(597,47): warning C4244: “参数”: 从“double”转换到“int”，可能丢失数据
D:\xuexi\CXSJ\Snakes fight\Snakes fight\Snakes fight\Snakes fight.cpp(597,33): warning C4244: “参数”: 从“double”转换到“int”，可能丢失数据
D:\xuexi\CXSJ\Snakes fight\Snakes fight\Snakes fight\Snakes fight.cpp(597,18): warning C4244: “参数”: 从“double”转换到“int”，可能丢失数据
D:\xuexi\CXSJ\Snakes fight\Snakes fight\Snakes fight\Snakes fight.cpp(651,20): warning C4244: “=”: 从“float”转换到“int”，可能丢失数据
D:\xuexi\CXSJ\Snakes fight\Snakes fight\Snakes fight\Snakes fight.cpp(652,20): warning C4244: “=”: 从“float”转换到“int”，可能丢失数据
D:\xuexi\CXSJ\Snakes fight\Snakes fight\Snakes fight\Snakes fight.cpp(653,20): warning C4244: “=”: 从“float”转换到“int”，可能丢失数据
D:\xuexi\CXSJ\Snakes fight\Snakes fight\Snakes fight\Snakes fight.cpp(654,20): warning C4244: “=”: 从“float”转换到“int”，可能丢失数据
D:\xuexi\CXSJ\Snakes fight\Snakes fight\Snakes fight\Snakes fight.cpp(667,20): warning C4244: “=”: 从“float”转换到“int”，可能丢失数据
D:\xuexi\CXSJ\Snakes fight\Snakes fight\Snakes fight\Snakes fight.cpp(668,20): warning C4244: “=”: 从“float”转换到“int”，可能丢失数据
D:\xuexi\CXSJ\Snakes fight\Snakes fight\Snakes fight\Snakes fight.cpp(669,20): warning C4244: “=”: 从“float”转换到“int”，可能丢失数据
D:\xuexi\CXSJ\Snakes fight\Snakes fight\Snakes fight\Snakes fight.cpp(670,20): warning C4244: “=”: 从“float”转换到“int”，可能丢失数据
D:\xuexi\CXSJ\Snakes fight\Snakes fight\Snakes fight\Snakes fight.cpp(683,20): warning C4244: “=”: 从“float”转换到“int”，可能丢失数据
D:\xuexi\CXSJ\Snakes fight\Snakes fight\Snakes fight\Snakes fight.cpp(684,20): warning C4244: “=”: 从“float”转换到“int”，可能丢失数据
D:\xuexi\CXSJ\Snakes fight\Snakes fight\Snakes fight\Snakes fight.cpp(685,20): warning C4244: “=”: 从“float”转换到“int”，可能丢失数据
D:\xuexi\CXSJ\Snakes fight\Snakes fight\Snakes fight\Snakes fight.cpp(686,20): warning C4244: “=”: 从“float”转换到“int”，可能丢失数据
D:\xuexi\CXSJ\Snakes fight\Snakes fight\Snakes fight\Snakes fight.cpp(699,20): warning C4244: “=”: 从“float”转换到“int”，可能丢失数据
D:\xuexi\CXSJ\Snakes fight\Snakes fight\Snakes fight\Snakes fight.cpp(700,20): warning C4244: “=”: 从“float”转换到“int”，可能丢失数据
D:\xuexi\CXSJ\Snakes fight\Snakes fight\Snakes fight\Snakes fight.cpp(701,20): warning C4244: “=”: 从“float”转换到“int”，可能丢失数据
D:\xuexi\CXSJ\Snakes fight\Snakes fight\Snakes fight\Snakes fight.cpp(702,20): warning C4244: “=”: 从“float”转换到“int”，可能丢失数据
D:\xuexi\CXSJ\Snakes fight\Snakes fight\Snakes fight\Snakes fight.cpp(717,38): warning C4244: “=”: 从“float”转换到“int”，可能丢失数据
D:\xuexi\CXSJ\Snakes fight\Snakes fight\Snakes fight\Snakes fight.cpp(718,38): warning C4244: “=”: 从“float”转换到“int”，可能丢失数据
D:\xuexi\CXSJ\Snakes fight\Snakes fight\Snakes fight\Snakes fight.cpp(719,38): warning C4244: “=”: 从“float”转换到“int”，可能丢失数据
D:\xuexi\CXSJ\Snakes fight\Snakes fight\Snakes fight\Snakes fight.cpp(720,38): warning C4244: “=”: 从“float”转换到“int”，可能丢失数据
D:\xuexi\CXSJ\Snakes fight\Snakes fight\Snakes fight\Snakes fight.cpp(735,38): warning C4244: “=”: 从“float”转换到“int”，可能丢失数据
D:\xuexi\CXSJ\Snakes fight\Snakes fight\Snakes fight\Snakes fight.cpp(736,38): warning C4244: “=”: 从“float”转换到“int”，可能丢失数据
D:\xuexi\CXSJ\Snakes fight\Snakes fight\Snakes fight\Snakes fight.cpp(737,38): warning C4244: “=”: 从“float”转换到“int”，可能丢失数据
D:\xuexi\CXSJ\Snakes fight\Snakes fight\Snakes fight\Snakes fight.cpp(738,38): warning C4244: “=”: 从“float”转换到“int”，可能丢失数据
D:\xuexi\CXSJ\Snakes fight\Snakes fight\Snakes fight\Snakes fight.cpp(753,38): warning C4244: “=”: 从“float”转换到“int”，可能丢失数据
D:\xuexi\CXSJ\Snakes fight\Snakes fight\Snakes fight\Snakes fight.cpp(754,38): warning C4244: “=”: 从“float”转换到“int”，可能丢失数据
D:\xuexi\CXSJ\Snakes fight\Snakes fight\Snakes fight\Snakes fight.cpp(755,38): warning C4244: “=”: 从“float”转换到“int”，可能丢失数据
D:\xuexi\CXSJ\Snakes fight\Snakes fight\Snakes fight\Snakes fight.cpp(756,38): warning C4244: “=”: 从“float”转换到“int”，可能丢失数据
D:\xuexi\CXSJ\Snakes fight\Snakes fight\Snakes fight\Snakes fight.cpp(771,38): warning C4244: “=”: 从“float”转换到“int”，可能丢失数据
D:\xuexi\CXSJ\Snakes fight\Snakes fight\Snakes fight\Snakes fight.cpp(772,38): warning C4244: “=”: 从“float”转换到“int”，可能丢失数据
D:\xuexi\CXSJ\Snakes fight\Snakes fight\Snakes fight\Snakes fight.cpp(773,38): warning C4244: “=”: 从“float”转换到“int”，可能丢失数据
D:\xuexi\CXSJ\Snakes fight\Snakes fight\Snakes fight\Snakes fight.cpp(774,38): warning C4244: “=”: 从“float”转换到“int”，可能丢失数据
D:\xuexi\CXSJ\Snakes fight\Snakes fight\Snakes fight\Snakes fight.cpp(791,39): warning C4244: “参数”: 从“float”转换到“int”，可能丢失数据
D:\xuexi\CXSJ\Snakes fight\Snakes fight\Snakes fight\Snakes fight.cpp(794,23): warning C4305: “+=”: 从“double”到“float”截断
D:\xuexi\CXSJ\Snakes fight\Snakes fight\Snakes fight\Snakes fight.cpp(796,23): warning C4305: “+=”: 从“double”到“float”截断
D:\xuexi\CXSJ\Snakes fight\Snakes fight\Snakes fight\Snakes fight.cpp(805,39): warning C4244: “参数”: 从“float”转换到“int”，可能丢失数据
D:\xuexi\CXSJ\Snakes fight\Snakes fight\Snakes fight\Snakes fight.cpp(808,23): warning C4305: “+=”: 从“double”到“float”截断
D:\xuexi\CXSJ\Snakes fight\Snakes fight\Snakes fight\Snakes fight.cpp(810,23): warning C4305: “+=”: 从“double”到“float”截断
D:\xuexi\CXSJ\Snakes fight\Snakes fight\Snakes fight\Snakes fight.cpp(819,39): warning C4244: “参数”: 从“float”转换到“int”，可能丢失数据
D:\xuexi\CXSJ\Snakes fight\Snakes fight\Snakes fight\Snakes fight.cpp(822,23): warning C4305: “+=”: 从“double”到“float”截断
D:\xuexi\CXSJ\Snakes fight\Snakes fight\Snakes fight\Snakes fight.cpp(824,23): warning C4305: “+=”: 从“double”到“float”截断
D:\xuexi\CXSJ\Snakes fight\Snakes fight\Snakes fight\Snakes fight.cpp(952,66): error C2664: “MCIERROR mciSendStringW(LPCWSTR,LPWSTR,UINT,HWND)”: 无法将参数 1 从“const char [33]”转换为“LPCWSTR”
D:\xuexi\CXSJ\Snakes fight\Snakes fight\Snakes fight\Snakes fight.cpp(952,16): message : 与指向的类型无关；强制转换要求 reinterpret_cast、C 样式强制转换或函数样式强制转换
D:\Windows Kits\10\Include\10.0.18362.0\um\mciapi.h(88,1): message : 参见“mciSendStringW”的声明
D:\xuexi\CXSJ\Snakes fight\Snakes fight\Snakes fight\Snakes fight.cpp(953,52): error C2664: “MCIERROR mciSendStringW(LPCWSTR,LPWSTR,UINT,HWND)”: 无法将参数 1 从“const char [20]”转换为“LPCWSTR”
D:\xuexi\CXSJ\Snakes fight\Snakes fight\Snakes fight\Snakes fight.cpp(953,16): message : 与指向的类型无关；强制转换要求 reinterpret_cast、C 样式强制转换或函数样式强制转换
D:\Windows Kits\10\Include\10.0.18362.0\um\mciapi.h(88,1): message : 参见“mciSendStringW”的声明
D:\xuexi\CXSJ\Snakes fight\Snakes fight\Snakes fight\Snakes fight.cpp(958,48): error C2665: “loadimage”: 2 个重载中没有一个可以转换所有参数类型
D:\xuexi\vs2019\VC\Auxiliary\VS\include\easyx.h(256,6): message : 可能是“void loadimage(IMAGE *,LPCTSTR,int,int,bool)”
D:\xuexi\CXSJ\Snakes fight\Snakes fight\Snakes fight\Snakes fight.cpp(958,48): message : 尝试匹配参数列表“(IMAGE *, const char [19])”时
D:\xuexi\CXSJ\Snakes fight\Snakes fight\Snakes fight\Snakes fight.cpp(996,22): warning C4244: “=”: 从“float”转换到“int”，可能丢失数据
D:\xuexi\CXSJ\Snakes fight\Snakes fight\Snakes fight\Snakes fight.cpp(997,22): warning C4244: “=”: 从“float”转换到“int”，可能丢失数据
D:\xuexi\CXSJ\Snakes fight\Snakes fight\Snakes fight\Snakes fight.cpp(998,22): warning C4244: “=”: 从“float”转换到“int”，可能丢失数据
D:\xuexi\CXSJ\Snakes fight\Snakes fight\Snakes fight\Snakes fight.cpp(999,22): warning C4244: “=”: 从“float”转换到“int”，可能丢失数据
D:\xuexi\CXSJ\Snakes fight\Snakes fight\Snakes fight\Snakes fight.cpp(1001,22): warning C4244: “=”: 从“float”转换到“int”，可能丢失数据
D:\xuexi\CXSJ\Snakes fight\Snakes fight\Snakes fight\Snakes fight.cpp(1002,22): warning C4244: “=”: 从“float”转换到“int”，可能丢失数据
D:\xuexi\CXSJ\Snakes fight\Snakes fight\Snakes fight\Snakes fight.cpp(1003,22): warning C4244: “=”: 从“float”转换到“int”，可能丢失数据
D:\xuexi\CXSJ\Snakes fight\Snakes fight\Snakes fight\Snakes fight.cpp(1004,22): warning C4244: “=”: 从“float”转换到“int”，可能丢失数据
D:\xuexi\CXSJ\Snakes fight\Snakes fight\Snakes fight\Snakes fight.cpp(1025,24): warning C4244: “=”: 从“float”转换到“int”，可能丢失数据
D:\xuexi\CXSJ\Snakes fight\Snakes fight\Snakes fight\Snakes fight.cpp(1029,32): warning C4244: “=”: 从“float”转换到“int”，可能丢失数据
D:\xuexi\CXSJ\Snakes fight\Snakes fight\Snakes fight\Snakes fight.cpp(1036,24): warning C4244: “=”: 从“float”转换到“int”，可能丢失数据
D:\xuexi\CXSJ\Snakes fight\Snakes fight\Snakes fight\Snakes fight.cpp(1040,32): warning C4244: “=”: 从“float”转换到“int”，可能丢失数据
D:\xuexi\CXSJ\Snakes fight\Snakes fight\Snakes fight\Snakes fight.cpp(1070,31): warning C4244: “参数”: 从“float”转换到“int”，可能丢失数据
D:\xuexi\CXSJ\Snakes fight\Snakes fight\Snakes fight\Snakes fight.cpp(1071,31): warning C4244: “参数”: 从“float”转换到“int”，可能丢失数据
D:\xuexi\CXSJ\Snakes fight\Snakes fight\Snakes fight\Snakes fight.cpp(1074,33): warning C4244: “参数”: 从“float”转换到“int”，可能丢失数据
D:\xuexi\CXSJ\Snakes fight\Snakes fight\Snakes fight\Snakes fight.cpp(1075,33): warning C4244: “参数”: 从“float”转换到“int”，可能丢失数据
D:\xuexi\CXSJ\Snakes fight\Snakes fight\Snakes fight\Snakes fight.cpp(1076,33): warning C4244: “参数”: 从“float”转换到“int”，可能丢失数据
D:\xuexi\CXSJ\Snakes fight\Snakes fight\Snakes fight\Snakes fight.cpp(1077,33): warning C4244: “参数”: 从“float”转换到“int”，可能丢失数据
D:\xuexi\CXSJ\Snakes fight\Snakes fight\Snakes fight\Snakes fight.cpp(1079,33): warning C4244: “参数”: 从“float”转换到“int”，可能丢失数据
D:\xuexi\CXSJ\Snakes fight\Snakes fight\Snakes fight\Snakes fight.cpp(1080,33): warning C4244: “参数”: 从“float”转换到“int”，可能丢失数据
D:\xuexi\CXSJ\Snakes fight\Snakes fight\Snakes fight\Snakes fight.cpp(1081,33): warning C4244: “参数”: 从“float”转换到“int”，可能丢失数据
D:\xuexi\CXSJ\Snakes fight\Snakes fight\Snakes fight\Snakes fight.cpp(1082,33): warning C4244: “参数”: 从“float”转换到“int”，可能丢失数据
D:\xuexi\CXSJ\Snakes fight\Snakes fight\Snakes fight\Snakes fight.cpp(1087,38): warning C4244: “参数”: 从“float”转换到“int”，可能丢失数据
D:\xuexi\CXSJ\Snakes fight\Snakes fight\Snakes fight\Snakes fight.cpp(1091,38): warning C4244: “参数”: 从“float”转换到“int”，可能丢失数据
D:\xuexi\CXSJ\Snakes fight\Snakes fight\Snakes fight\Snakes fight.cpp(1123,38): warning C4244: “参数”: 从“float”转换到“int”，可能丢失数据
D:\xuexi\CXSJ\Snakes fight\Snakes fight\Snakes fight\Snakes fight.cpp(1130,38): warning C4244: “参数”: 从“float”转换到“int”，可能丢失数据
D:\xuexi\CXSJ\Snakes fight\Snakes fight\Snakes fight\Snakes fight.cpp(1136,31): warning C4244: “参数”: 从“float”转换到“int”，可能丢失数据
D:\xuexi\CXSJ\Snakes fight\Snakes fight\Snakes fight\Snakes fight.cpp(1140,31): warning C4244: “参数”: 从“float”转换到“int”，可能丢失数据
D:\xuexi\CXSJ\Snakes fight\Snakes fight\Snakes fight\Snakes fight.cpp(1145,33): warning C4244: “参数”: 从“float”转换到“int”，可能丢失数据
D:\xuexi\CXSJ\Snakes fight\Snakes fight\Snakes fight\Snakes fight.cpp(1146,33): warning C4244: “参数”: 从“float”转换到“int”，可能丢失数据
D:\xuexi\CXSJ\Snakes fight\Snakes fight\Snakes fight\Snakes fight.cpp(1147,33): warning C4244: “参数”: 从“float”转换到“int”，可能丢失数据
D:\xuexi\CXSJ\Snakes fight\Snakes fight\Snakes fight\Snakes fight.cpp(1148,33): warning C4244: “参数”: 从“float”转换到“int”，可能丢失数据
D:\xuexi\CXSJ\Snakes fight\Snakes fight\Snakes fight\Snakes fight.cpp(1153,33): warning C4244: “参数”: 从“float”转换到“int”，可能丢失数据
D:\xuexi\CXSJ\Snakes fight\Snakes fight\Snakes fight\Snakes fight.cpp(1154,33): warning C4244: “参数”: 从“float”转换到“int”，可能丢失数据
D:\xuexi\CXSJ\Snakes fight\Snakes fight\Snakes fight\Snakes fight.cpp(1155,33): warning C4244: “参数”: 从“float”转换到“int”，可能丢失数据
D:\xuexi\CXSJ\Snakes fight\Snakes fight\Snakes fight\Snakes fight.cpp(1156,33): warning C4244: “参数”: 从“float”转换到“int”，可能丢失数据
D:\xuexi\CXSJ\Snakes fight\Snakes fight\Snakes fight\Snakes fight.cpp(1164,38): warning C4244: “参数”: 从“float”转换到“int”，可能丢失数据
D:\xuexi\CXSJ\Snakes fight\Snakes fight\Snakes fight\Snakes fight.cpp(1167,38): warning C4244: “参数”: 从“float”转换到“int”，可能丢失数据
D:\xuexi\CXSJ\Snakes fight\Snakes fight\Snakes fight\Snakes fight.cpp(1170,38): warning C4244: “参数”: 从“float”转换到“int”，可能丢失数据
D:\xuexi\CXSJ\Snakes fight\Snakes fight\Snakes fight\Snakes fight.cpp(1186,54): error C2665: “outtextxy”: 2 个重载中没有一个可以转换所有参数类型
D:\xuexi\vs2019\VC\Auxiliary\VS\include\easyx.h(224,6): message : 可能是“void outtextxy(int,int,TCHAR)”
D:\xuexi\vs2019\VC\Auxiliary\VS\include\easyx.h(223,6): message : 或    “void outtextxy(int,int,LPCTSTR)”
D:\xuexi\CXSJ\Snakes fight\Snakes fight\Snakes fight\Snakes fight.cpp(1186,54): message : 尝试匹配参数列表“(double, double, const char [9])”时
D:\xuexi\CXSJ\Snakes fight\Snakes fight\Snakes fight\Snakes fight.cpp(1192,59): error C2665: “outtextxy”: 2 个重载中没有一个可以转换所有参数类型
D:\xuexi\vs2019\VC\Auxiliary\VS\include\easyx.h(224,6): message : 可能是“void outtextxy(int,int,TCHAR)”
D:\xuexi\vs2019\VC\Auxiliary\VS\include\easyx.h(223,6): message : 或    “void outtextxy(int,int,LPCTSTR)”
D:\xuexi\CXSJ\Snakes fight\Snakes fight\Snakes fight\Snakes fight.cpp(1192,59): message : 尝试匹配参数列表“(double, double, const char [12])”时
D:\xuexi\CXSJ\Snakes fight\Snakes fight\Snakes fight\Snakes fight.cpp(1194,32): warning C4244: “参数”: 从“double”转换到“int”，可能丢失数据
D:\xuexi\CXSJ\Snakes fight\Snakes fight\Snakes fight\Snakes fight.cpp(1194,18): warning C4244: “参数”: 从“double”转换到“int”，可能丢失数据
D:\xuexi\CXSJ\Snakes fight\Snakes fight\Snakes fight\Snakes fight.cpp(1195,59): error C2665: “outtextxy”: 2 个重载中没有一个可以转换所有参数类型
D:\xuexi\vs2019\VC\Auxiliary\VS\include\easyx.h(224,6): message : 可能是“void outtextxy(int,int,TCHAR)”
D:\xuexi\vs2019\VC\Auxiliary\VS\include\easyx.h(223,6): message : 或    “void outtextxy(int,int,LPCTSTR)”
D:\xuexi\CXSJ\Snakes fight\Snakes fight\Snakes fight\Snakes fight.cpp(1195,59): message : 尝试匹配参数列表“(double, double, const char [12])”时
D:\xuexi\CXSJ\Snakes fight\Snakes fight\Snakes fight\Snakes fight.cpp(1197,32): warning C4244: “参数”: 从“double”转换到“int”，可能丢失数据
D:\xuexi\CXSJ\Snakes fight\Snakes fight\Snakes fight\Snakes fight.cpp(1197,18): warning C4244: “参数”: 从“double”转换到“int”，可能丢失数据
D:\xuexi\CXSJ\Snakes fight\Snakes fight\Snakes fight\Snakes fight.cpp(1201,49): error C2665: “outtextxy”: 2 个重载中没有一个可以转换所有参数类型
D:\xuexi\vs2019\VC\Auxiliary\VS\include\easyx.h(224,6): message : 可能是“void outtextxy(int,int,TCHAR)”
D:\xuexi\vs2019\VC\Auxiliary\VS\include\easyx.h(223,6): message : 或    “void outtextxy(int,int,LPCTSTR)”
D:\xuexi\CXSJ\Snakes fight\Snakes fight\Snakes fight\Snakes fight.cpp(1201,49): message : 尝试匹配参数列表“(double, double, const char [5])”时
D:\xuexi\CXSJ\Snakes fight\Snakes fight\Snakes fight\Snakes fight.cpp(1204,62): warning C4244: “参数”: 从“double”转换到“int”，可能丢失数据
D:\xuexi\CXSJ\Snakes fight\Snakes fight\Snakes fight\Snakes fight.cpp(1204,47): warning C4244: “参数”: 从“double”转换到“int”，可能丢失数据
D:\xuexi\CXSJ\Snakes fight\Snakes fight\Snakes fight\Snakes fight.cpp(1204,33): warning C4244: “参数”: 从“double”转换到“int”，可能丢失数据
D:\xuexi\CXSJ\Snakes fight\Snakes fight\Snakes fight\Snakes fight.cpp(1204,18): warning C4244: “参数”: 从“double”转换到“int”，可能丢失数据
D:\xuexi\CXSJ\Snakes fight\Snakes fight\Snakes fight\Snakes fight.cpp(1236,11): warning C4244: “=”: 从“float”转换到“int”，可能丢失数据
D:\xuexi\CXSJ\Snakes fight\Snakes fight\Snakes fight\Snakes fight.cpp(1248,11): warning C4244: “=”: 从“float”转换到“int”，可能丢失数据
D:\xuexi\CXSJ\Snakes fight\Snakes fight\Snakes fight\Snakes fight.cpp(1293,22): warning C4244: “=”: 从“float”转换到“int”，可能丢失数据
D:\xuexi\CXSJ\Snakes fight\Snakes fight\Snakes fight\Snakes fight.cpp(1294,22): warning C4244: “=”: 从“float”转换到“int”，可能丢失数据
D:\xuexi\CXSJ\Snakes fight\Snakes fight\Snakes fight\Snakes fight.cpp(1295,22): warning C4244: “=”: 从“float”转换到“int”，可能丢失数据
D:\xuexi\CXSJ\Snakes fight\Snakes fight\Snakes fight\Snakes fight.cpp(1296,22): warning C4244: “=”: 从“float”转换到“int”，可能丢失数据
D:\xuexi\CXSJ\Snakes fight\Snakes fight\Snakes fight\Snakes fight.cpp(1310,22): warning C4244: “=”: 从“float”转换到“int”，可能丢失数据
D:\xuexi\CXSJ\Snakes fight\Snakes fight\Snakes fight\Snakes fight.cpp(1311,22): warning C4244: “=”: 从“float”转换到“int”，可能丢失数据
D:\xuexi\CXSJ\Snakes fight\Snakes fight\Snakes fight\Snakes fight.cpp(1312,22): warning C4244: “=”: 从“float”转换到“int”，可能丢失数据
D:\xuexi\CXSJ\Snakes fight\Snakes fight\Snakes fight\Snakes fight.cpp(1313,22): warning C4244: “=”: 从“float”转换到“int”，可能丢失数据
D:\xuexi\CXSJ\Snakes fight\Snakes fight\Snakes fight\Snakes fight.cpp(1326,22): warning C4244: “=”: 从“float”转换到“int”，可能丢失数据
D:\xuexi\CXSJ\Snakes fight\Snakes fight\Snakes fight\Snakes fight.cpp(1327,22): warning C4244: “=”: 从“float”转换到“int”，可能丢失数据
D:\xuexi\CXSJ\Snakes fight\Snakes fight\Snakes fight\Snakes fight.cpp(1328,22): warning C4244: “=”: 从“float”转换到“int”，可能丢失数据
D:\xuexi\CXSJ\Snakes fight\Snakes fight\Snakes fight\Snakes fight.cpp(1329,22): warning C4244: “=”: 从“float”转换到“int”，可能丢失数据
D:\xuexi\CXSJ\Snakes fight\Snakes fight\Snakes fight\Snakes fight.cpp(1342,22): warning C4244: “=”: 从“float”转换到“int”，可能丢失数据
D:\xuexi\CXSJ\Snakes fight\Snakes fight\Snakes fight\Snakes fight.cpp(1343,22): warning C4244: “=”: 从“float”转换到“int”，可能丢失数据
D:\xuexi\CXSJ\Snakes fight\Snakes fight\Snakes fight\Snakes fight.cpp(1344,22): warning C4244: “=”: 从“float”转换到“int”，可能丢失数据
D:\xuexi\CXSJ\Snakes fight\Snakes fight\Snakes fight\Snakes fight.cpp(1345,22): warning C4244: “=”: 从“float”转换到“int”，可能丢失数据
D:\xuexi\CXSJ\Snakes fight\Snakes fight\Snakes fight\Snakes fight.cpp(1361,22): warning C4244: “=”: 从“double”转换到“int”，可能丢失数据
D:\xuexi\CXSJ\Snakes fight\Snakes fight\Snakes fight\Snakes fight.cpp(1362,22): warning C4244: “=”: 从“double”转换到“int”，可能丢失数据
D:\xuexi\CXSJ\Snakes fight\Snakes fight\Snakes fight\Snakes fight.cpp(1379,22): warning C4244: “=”: 从“double”转换到“int”，可能丢失数据
D:\xuexi\CXSJ\Snakes fight\Snakes fight\Snakes fight\Snakes fight.cpp(1380,22): warning C4244: “=”: 从“double”转换到“int”，可能丢失数据
D:\xuexi\CXSJ\Snakes fight\Snakes fight\Snakes fight\Snakes fight.cpp(1397,22): warning C4244: “=”: 从“double”转换到“int”，可能丢失数据
D:\xuexi\CXSJ\Snakes fight\Snakes fight\Snakes fight\Snakes fight.cpp(1398,22): warning C4244: “=”: 从“double”转换到“int”，可能丢失数据
D:\xuexi\CXSJ\Snakes fight\Snakes fight\Snakes fight\Snakes fight.cpp(1415,22): warning C4244: “=”: 从“double”转换到“int”，可能丢失数据
D:\xuexi\CXSJ\Snakes fight\Snakes fight\Snakes fight\Snakes fight.cpp(1416,22): warning C4244: “=”: 从“double”转换到“int”，可能丢失数据
D:\xuexi\CXSJ\Snakes fight\Snakes fight\Snakes fight\Snakes fight.cpp(1431,22): warning C4244: “=”: 从“float”转换到“int”，可能丢失数据
D:\xuexi\CXSJ\Snakes fight\Snakes fight\Snakes fight\Snakes fight.cpp(1432,22): warning C4244: “=”: 从“float”转换到“int”，可能丢失数据
D:\xuexi\CXSJ\Snakes fight\Snakes fight\Snakes fight\Snakes fight.cpp(1433,22): warning C4244: “=”: 从“float”转换到“int”，可能丢失数据
D:\xuexi\CXSJ\Snakes fight\Snakes fight\Snakes fight\Snakes fight.cpp(1434,22): warning C4244: “=”: 从“float”转换到“int”，可能丢失数据
D:\xuexi\CXSJ\Snakes fight\Snakes fight\Snakes fight\Snakes fight.cpp(1448,22): warning C4244: “=”: 从“float”转换到“int”，可能丢失数据
D:\xuexi\CXSJ\Snakes fight\Snakes fight\Snakes fight\Snakes fight.cpp(1449,22): warning C4244: “=”: 从“float”转换到“int”，可能丢失数据
D:\xuexi\CXSJ\Snakes fight\Snakes fight\Snakes fight\Snakes fight.cpp(1450,22): warning C4244: “=”: 从“float”转换到“int”，可能丢失数据
D:\xuexi\CXSJ\Snakes fight\Snakes fight\Snakes fight\Snakes fight.cpp(1451,22): warning C4244: “=”: 从“float”转换到“int”，可能丢失数据
D:\xuexi\CXSJ\Snakes fight\Snakes fight\Snakes fight\Snakes fight.cpp(1464,22): warning C4244: “=”: 从“float”转换到“int”，可能丢失数据
D:\xuexi\CXSJ\Snakes fight\Snakes fight\Snakes fight\Snakes fight.cpp(1465,22): warning C4244: “=”: 从“float”转换到“int”，可能丢失数据
D:\xuexi\CXSJ\Snakes fight\Snakes fight\Snakes fight\Snakes fight.cpp(1466,22): warning C4244: “=”: 从“float”转换到“int”，可能丢失数据
D:\xuexi\CXSJ\Snakes fight\Snakes fight\Snakes fight\Snakes fight.cpp(1467,22): warning C4244: “=”: 从“float”转换到“int”，可能丢失数据
D:\xuexi\CXSJ\Snakes fight\Snakes fight\Snakes fight\Snakes fight.cpp(1480,22): warning C4244: “=”: 从“float”转换到“int”，可能丢失数据
D:\xuexi\CXSJ\Snakes fight\Snakes fight\Snakes fight\Snakes fight.cpp(1481,22): warning C4244: “=”: 从“float”转换到“int”，可能丢失数据
D:\xuexi\CXSJ\Snakes fight\Snakes fight\Snakes fight\Snakes fight.cpp(1482,22): warning C4244: “=”: 从“float”转换到“int”，可能丢失数据
D:\xuexi\CXSJ\Snakes fight\Snakes fight\Snakes fight\Snakes fight.cpp(1483,22): warning C4244: “=”: 从“float”转换到“int”，可能丢失数据
D:\xuexi\CXSJ\Snakes fight\Snakes fight\Snakes fight\Snakes fight.cpp(1499,22): warning C4244: “=”: 从“double”转换到“int”，可能丢失数据
D:\xuexi\CXSJ\Snakes fight\Snakes fight\Snakes fight\Snakes fight.cpp(1500,22): warning C4244: “=”: 从“double”转换到“int”，可能丢失数据
D:\xuexi\CXSJ\Snakes fight\Snakes fight\Snakes fight\Snakes fight.cpp(1517,22): warning C4244: “=”: 从“double”转换到“int”，可能丢失数据
D:\xuexi\CXSJ\Snakes fight\Snakes fight\Snakes fight\Snakes fight.cpp(1518,22): warning C4244: “=”: 从“double”转换到“int”，可能丢失数据
D:\xuexi\CXSJ\Snakes fight\Snakes fight\Snakes fight\Snakes fight.cpp(1535,22): warning C4244: “=”: 从“double”转换到“int”，可能丢失数据
D:\xuexi\CXSJ\Snakes fight\Snakes fight\Snakes fight\Snakes fight.cpp(1536,22): warning C4244: “=”: 从“double”转换到“int”，可能丢失数据
D:\xuexi\CXSJ\Snakes fight\Snakes fight\Snakes fight\Snakes fight.cpp(1553,22): warning C4244: “=”: 从“double”转换到“int”，可能丢失数据
D:\xuexi\CXSJ\Snakes fight\Snakes fight\Snakes fight\Snakes fight.cpp(1554,22): warning C4244: “=”: 从“double”转换到“int”，可能丢失数据
D:\xuexi\CXSJ\Snakes fight\Snakes fight\Snakes fight\Snakes fight.cpp(1567,39): warning C4244: “参数”: 从“float”转换到“int”，可能丢失数据
D:\xuexi\CXSJ\Snakes fight\Snakes fight\Snakes fight\Snakes fight.cpp(1571,23): warning C4305: “+=”: 从“double”到“float”截断
D:\xuexi\CXSJ\Snakes fight\Snakes fight\Snakes fight\Snakes fight.cpp(1572,24): warning C4305: “+=”: 从“double”到“float”截断
D:\xuexi\CXSJ\Snakes fight\Snakes fight\Snakes fight\Snakes fight.cpp(1573,24): warning C4305: “+=”: 从“double”到“float”截断
D:\xuexi\CXSJ\Snakes fight\Snakes fight\Snakes fight\Snakes fight.cpp(1581,39): warning C4244: “参数”: 从“float”转换到“int”，可能丢失数据
D:\xuexi\CXSJ\Snakes fight\Snakes fight\Snakes fight\Snakes fight.cpp(1585,23): warning C4305: “+=”: 从“double”到“float”截断
D:\xuexi\CXSJ\Snakes fight\Snakes fight\Snakes fight\Snakes fight.cpp(1586,24): warning C4305: “+=”: 从“double”到“float”截断
D:\xuexi\CXSJ\Snakes fight\Snakes fight\Snakes fight\Snakes fight.cpp(1587,24): warning C4305: “+=”: 从“double”到“float”截断
D:\xuexi\CXSJ\Snakes fight\Snakes fight\Snakes fight\Snakes fight.cpp(1595,39): warning C4244: “参数”: 从“float”转换到“int”，可能丢失数据
D:\xuexi\CXSJ\Snakes fight\Snakes fight\Snakes fight\Snakes fight.cpp(1599,23): warning C4305: “+=”: 从“double”到“float”截断
D:\xuexi\CXSJ\Snakes fight\Snakes fight\Snakes fight\Snakes fight.cpp(1600,24): warning C4305: “+=”: 从“double”到“float”截断
D:\xuexi\CXSJ\Snakes fight\Snakes fight\Snakes fight\Snakes fight.cpp(1601,24): warning C4305: “+=”: 从“double”到“float”截断
D:\xuexi\CXSJ\Snakes fight\Snakes fight\Snakes fight\Snakes fight.cpp(1603,22): warning C4244: “=”: 从“double”转换到“float”，可能丢失数据
D:\xuexi\CXSJ\Snakes fight\Snakes fight\Snakes fight\Snakes fight.cpp(1610,39): warning C4244: “参数”: 从“float”转换到“int”，可能丢失数据
D:\xuexi\CXSJ\Snakes fight\Snakes fight\Snakes fight\Snakes fight.cpp(1614,23): warning C4305: “+=”: 从“double”到“float”截断
D:\xuexi\CXSJ\Snakes fight\Snakes fight\Snakes fight\Snakes fight.cpp(1615,24): warning C4305: “+=”: 从“double”到“float”截断
D:\xuexi\CXSJ\Snakes fight\Snakes fight\Snakes fight\Snakes fight.cpp(1616,24): warning C4305: “+=”: 从“double”到“float”截断
D:\xuexi\CXSJ\Snakes fight\Snakes fight\Snakes fight\Snakes fight.cpp(1624,39): warning C4244: “参数”: 从“float”转换到“int”，可能丢失数据
D:\xuexi\CXSJ\Snakes fight\Snakes fight\Snakes fight\Snakes fight.cpp(1628,23): warning C4305: “+=”: 从“double”到“float”截断
D:\xuexi\CXSJ\Snakes fight\Snakes fight\Snakes fight\Snakes fight.cpp(1629,24): warning C4305: “+=”: 从“double”到“float”截断
D:\xuexi\CXSJ\Snakes fight\Snakes fight\Snakes fight\Snakes fight.cpp(1630,24): warning C4305: “+=”: 从“double”到“float”截断
D:\xuexi\CXSJ\Snakes fight\Snakes fight\Snakes fight\Snakes fight.cpp(1638,39): warning C4244: “参数”: 从“float”转换到“int”，可能丢失数据
D:\xuexi\CXSJ\Snakes fight\Snakes fight\Snakes fight\Snakes fight.cpp(1642,23): warning C4305: “+=”: 从“double”到“float”截断
D:\xuexi\CXSJ\Snakes fight\Snakes fight\Snakes fight\Snakes fight.cpp(1643,24): warning C4305: “+=”: 从“double”到“float”截断
D:\xuexi\CXSJ\Snakes fight\Snakes fight\Snakes fight\Snakes fight.cpp(1644,24): warning C4305: “+=”: 从“double”到“float”截断
D:\xuexi\CXSJ\Snakes fight\Snakes fight\Snakes fight\Snakes fight.cpp(1646,22): warning C4244: “=”: 从“double”转换到“float”，可能丢失数据
